<?xml version="1.0" encoding="UTF-8"?>
<!-- Generated by org.testng.reporters.JUnitReportReporter -->
<testsuite hostname="LAPTOP-3G7K8O99" failures="0" tests="1" name="Cucumber.TestNGTestRunner" time="138.957" errors="0" timestamp="2023-05-06T22:45:09 IST" skipped="0">
  <testcase classname="Cucumber.TestNGTestRunner" name="runScenario" time="138.957"/>
  <system-out/>
</testsuite> <!-- Cucumber.TestNGTestRunner -->
